{"uuid":"b80089f4-c7b7-4221-99f0-59bfe9ab6f37","historyId":"dc287117b2b065af7cf0ad787db9b717","fullName":"io.github.sskorol.testcases.common.CommonTests.shouldFailOnSubStep","labels":[{"name":"package","value":"io.github.sskorol.testcases.common.CommonTests"},{"name":"testClass","value":"io.github.sskorol.testcases.common.CommonTests"},{"name":"testMethod","value":"shouldFailOnSubStep"},{"name":"parentSuite","value":"Common suite"},{"name":"suite","value":"Allure tests"},{"name":"subSuite","value":"io.github.sskorol.testcases.common.CommonTests"},{"name":"host","value":"charlie.local"},{"name":"thread","value":"64433@charlie.local.Test worker(11)"},{"name":"feature","value":"Authorization"},{"name":"story","value":"ALR-24"},{"name":"severity","value":"normal"}],"links":[],"name":"shouldFailOnSubStep","status":"broken","statusDetails":{"known":false,"muted":false,"flaky":false,"message":"Unable to find \"Cancel\" button","trace":"java.lang.IllegalStateException: Unable to find \"Cancel\" button\n\tat io.github.sskorol.pages.LoginPage.cancel(LoginPage.java:53)\n\tat io.github.sskorol.pages.LoginPage.cancelPopup(LoginPage.java:38)\n\tat io.github.sskorol.testcases.common.CommonTests.shouldFailOnSubStep(CommonTests.java:72)\n\tat sun.reflect.NativeMethodAccessorImpl.invoke0(Native Method)\n\tat sun.reflect.NativeMethodAccessorImpl.invoke(NativeMethodAccessorImpl.java:62)\n\tat sun.reflect.DelegatingMethodAccessorImpl.invoke(DelegatingMethodAccessorImpl.java:43)\n\tat java.lang.reflect.Method.invoke(Method.java:498)\n\tat org.testng.internal.MethodInvocationHelper.invokeMethod(MethodInvocationHelper.java:104)\n\tat org.testng.internal.Invoker.invokeMethod(Invoker.java:645)\n\tat org.testng.internal.Invoker.invokeTestMethod(Invoker.java:851)\n\tat org.testng.internal.Invoker.invokeTestMethods(Invoker.java:1177)\n\tat org.testng.internal.TestMethodWorker.invokeTestMethods(TestMethodWorker.java:129)\n\tat org.testng.internal.TestMethodWorker.run(TestMethodWorker.java:112)\n\tat org.testng.TestRunner.privateRun(TestRunner.java:756)\n\tat org.testng.TestRunner.run(TestRunner.java:610)\n\tat org.testng.SuiteRunner.runTest(SuiteRunner.java:387)\n\tat org.testng.SuiteRunner.runSequentially(SuiteRunner.java:382)\n\tat org.testng.SuiteRunner.privateRun(SuiteRunner.java:340)\n\tat org.testng.SuiteRunner.run(SuiteRunner.java:289)\n\tat org.testng.SuiteRunnerWorker.runSuite(SuiteRunnerWorker.java:52)\n\tat org.testng.SuiteRunnerWorker.run(SuiteRunnerWorker.java:86)\n\tat org.testng.TestNG.runSuitesSequentially(TestNG.java:1293)\n\tat org.testng.TestNG.runSuitesSequentially(TestNG.java:1289)\n\tat org.testng.TestNG.runSuitesLocally(TestNG.java:1218)\n\tat org.testng.TestNG.runSuites(TestNG.java:1133)\n\tat org.testng.TestNG.run(TestNG.java:1104)\n\tat org.gradle.api.internal.tasks.testing.testng.TestNGTestClassProcessor.runTests(TestNGTestClassProcessor.java:129)\n\tat org.gradle.api.internal.tasks.testing.testng.TestNGTestClassProcessor.stop(TestNGTestClassProcessor.java:88)\n\tat org.gradle.api.internal.tasks.testing.SuiteTestClassProcessor.stop(SuiteTestClassProcessor.java:61)\n\tat sun.reflect.NativeMethodAccessorImpl.invoke0(Native Method)\n\tat sun.reflect.NativeMethodAccessorImpl.invoke(NativeMethodAccessorImpl.java:62)\n\tat sun.reflect.DelegatingMethodAccessorImpl.invoke(DelegatingMethodAccessorImpl.java:43)\n\tat java.lang.reflect.Method.invoke(Method.java:498)\n\tat org.gradle.internal.dispatch.ReflectionDispatch.dispatch(ReflectionDispatch.java:35)\n\tat org.gradle.internal.dispatch.ReflectionDispatch.dispatch(ReflectionDispatch.java:24)\n\tat org.gradle.internal.dispatch.ContextClassLoaderDispatch.dispatch(ContextClassLoaderDispatch.java:32)\n\tat org.gradle.internal.dispatch.ProxyDispatchAdapter$DispatchingInvocationHandler.invoke(ProxyDispatchAdapter.java:93)\n\tat com.sun.proxy.$Proxy2.stop(Unknown Source)\n\tat org.gradle.api.internal.tasks.testing.worker.TestWorker.stop(TestWorker.java:120)\n\tat sun.reflect.NativeMethodAccessorImpl.invoke0(Native Method)\n\tat sun.reflect.NativeMethodAccessorImpl.invoke(NativeMethodAccessorImpl.java:62)\n\tat sun.reflect.DelegatingMethodAccessorImpl.invoke(DelegatingMethodAccessorImpl.java:43)\n\tat java.lang.reflect.Method.invoke(Method.java:498)\n\tat org.gradle.internal.dispatch.ReflectionDispatch.dispatch(ReflectionDispatch.java:35)\n\tat org.gradle.internal.dispatch.ReflectionDispatch.dispatch(ReflectionDispatch.java:24)\n\tat org.gradle.internal.remote.internal.hub.MessageHubBackedObjectConnection$DispatchWrapper.dispatch(MessageHubBackedObjectConnection.java:147)\n\tat org.gradle.internal.remote.internal.hub.MessageHubBackedObjectConnection$DispatchWrapper.dispatch(MessageHubBackedObjectConnection.java:129)\n\tat org.gradle.internal.remote.internal.hub.MessageHub$Handler.run(MessageHub.java:404)\n\tat org.gradle.internal.concurrent.ExecutorPolicy$CatchAndRecordFailures.onExecute(ExecutorPolicy.java:63)\n\tat org.gradle.internal.concurrent.StoppableExecutorImpl$1.run(StoppableExecutorImpl.java:46)\n\tat java.util.concurrent.ThreadPoolExecutor.runWorker(ThreadPoolExecutor.java:1142)\n\tat java.util.concurrent.ThreadPoolExecutor$Worker.run(ThreadPoolExecutor.java:617)\n\tat java.lang.Thread.run(Thread.java:745)\n"},"stage":"finished","start":1495892654746,"stop":1495892654750,"steps":[{"name":"Open LoginPage","status":"passed","stage":"finished","start":1495892654746,"stop":1495892654747,"parameters":[{"name":"name","value":"LoginPage"}]},{"name":"Type \"badUsername\" into \"Username\" input.","status":"passed","stage":"finished","start":1495892654747,"stop":1495892654748,"attachments":[{"name":"Log","source":"42b3dec7-b9f8-46a8-b481-ad67f037f2bf-attachment","type":"text/plain"}],"parameters":[{"name":"username","value":"badUsername"}]},{"name":"Handle an error popup.","status":"broken","statusDetails":{"known":false,"muted":false,"flaky":false,"message":"Unable to find \"Cancel\" button","trace":"java.lang.IllegalStateException: Unable to find \"Cancel\" button\n\tat io.github.sskorol.pages.LoginPage.cancel(LoginPage.java:53)\n\tat io.github.sskorol.pages.LoginPage.cancelPopup(LoginPage.java:38)\n\tat io.github.sskorol.testcases.common.CommonTests.shouldFailOnSubStep(CommonTests.java:72)\n\tat sun.reflect.NativeMethodAccessorImpl.invoke0(Native Method)\n\tat sun.reflect.NativeMethodAccessorImpl.invoke(NativeMethodAccessorImpl.java:62)\n\tat sun.reflect.DelegatingMethodAccessorImpl.invoke(DelegatingMethodAccessorImpl.java:43)\n\tat java.lang.reflect.Method.invoke(Method.java:498)\n\tat org.testng.internal.MethodInvocationHelper.invokeMethod(MethodInvocationHelper.java:104)\n\tat org.testng.internal.Invoker.invokeMethod(Invoker.java:645)\n\tat org.testng.internal.Invoker.invokeTestMethod(Invoker.java:851)\n\tat org.testng.internal.Invoker.invokeTestMethods(Invoker.java:1177)\n\tat org.testng.internal.TestMethodWorker.invokeTestMethods(TestMethodWorker.java:129)\n\tat org.testng.internal.TestMethodWorker.run(TestMethodWorker.java:112)\n\tat org.testng.TestRunner.privateRun(TestRunner.java:756)\n\tat org.testng.TestRunner.run(TestRunner.java:610)\n\tat org.testng.SuiteRunner.runTest(SuiteRunner.java:387)\n\tat org.testng.SuiteRunner.runSequentially(SuiteRunner.java:382)\n\tat org.testng.SuiteRunner.privateRun(SuiteRunner.java:340)\n\tat org.testng.SuiteRunner.run(SuiteRunner.java:289)\n\tat org.testng.SuiteRunnerWorker.runSuite(SuiteRunnerWorker.java:52)\n\tat org.testng.SuiteRunnerWorker.run(SuiteRunnerWorker.java:86)\n\tat org.testng.TestNG.runSuitesSequentially(TestNG.java:1293)\n\tat org.testng.TestNG.runSuitesSequentially(TestNG.java:1289)\n\tat org.testng.TestNG.runSuitesLocally(TestNG.java:1218)\n\tat org.testng.TestNG.runSuites(TestNG.java:1133)\n\tat org.testng.TestNG.run(TestNG.java:1104)\n\tat org.gradle.api.internal.tasks.testing.testng.TestNGTestClassProcessor.runTests(TestNGTestClassProcessor.java:129)\n\tat org.gradle.api.internal.tasks.testing.testng.TestNGTestClassProcessor.stop(TestNGTestClassProcessor.java:88)\n\tat org.gradle.api.internal.tasks.testing.SuiteTestClassProcessor.stop(SuiteTestClassProcessor.java:61)\n\tat sun.reflect.NativeMethodAccessorImpl.invoke0(Native Method)\n\tat sun.reflect.NativeMethodAccessorImpl.invoke(NativeMethodAccessorImpl.java:62)\n\tat sun.reflect.DelegatingMethodAccessorImpl.invoke(DelegatingMethodAccessorImpl.java:43)\n\tat java.lang.reflect.Method.invoke(Method.java:498)\n\tat org.gradle.internal.dispatch.ReflectionDispatch.dispatch(ReflectionDispatch.java:35)\n\tat org.gradle.internal.dispatch.ReflectionDispatch.dispatch(ReflectionDispatch.java:24)\n\tat org.gradle.internal.dispatch.ContextClassLoaderDispatch.dispatch(ContextClassLoaderDispatch.java:32)\n\tat org.gradle.internal.dispatch.ProxyDispatchAdapter$DispatchingInvocationHandler.invoke(ProxyDispatchAdapter.java:93)\n\tat com.sun.proxy.$Proxy2.stop(Unknown Source)\n\tat org.gradle.api.internal.tasks.testing.worker.TestWorker.stop(TestWorker.java:120)\n\tat sun.reflect.NativeMethodAccessorImpl.invoke0(Native Method)\n\tat sun.reflect.NativeMethodAccessorImpl.invoke(NativeMethodAccessorImpl.java:62)\n\tat sun.reflect.DelegatingMethodAccessorImpl.invoke(DelegatingMethodAccessorImpl.java:43)\n\tat java.lang.reflect.Method.invoke(Method.java:498)\n\tat org.gradle.internal.dispatch.ReflectionDispatch.dispatch(ReflectionDispatch.java:35)\n\tat org.gradle.internal.dispatch.ReflectionDispatch.dispatch(ReflectionDispatch.java:24)\n\tat org.gradle.internal.remote.internal.hub.MessageHubBackedObjectConnection$DispatchWrapper.dispatch(MessageHubBackedObjectConnection.java:147)\n\tat org.gradle.internal.remote.internal.hub.MessageHubBackedObjectConnection$DispatchWrapper.dispatch(MessageHubBackedObjectConnection.java:129)\n\tat org.gradle.internal.remote.internal.hub.MessageHub$Handler.run(MessageHub.java:404)\n\tat org.gradle.internal.concurrent.ExecutorPolicy$CatchAndRecordFailures.onExecute(ExecutorPolicy.java:63)\n\tat org.gradle.internal.concurrent.StoppableExecutorImpl$1.run(StoppableExecutorImpl.java:46)\n\tat java.util.concurrent.ThreadPoolExecutor.runWorker(ThreadPoolExecutor.java:1142)\n\tat java.util.concurrent.ThreadPoolExecutor$Worker.run(ThreadPoolExecutor.java:617)\n\tat java.lang.Thread.run(Thread.java:745)\n"},"stage":"finished","start":1495892654748,"stop":1495892654749,"steps":[{"name":"Click \"Cancel\" button.","status":"broken","statusDetails":{"known":false,"muted":false,"flaky":false,"message":"Unable to find \"Cancel\" button","trace":"java.lang.IllegalStateException: Unable to find \"Cancel\" button\n\tat io.github.sskorol.pages.LoginPage.cancel(LoginPage.java:53)\n\tat io.github.sskorol.pages.LoginPage.cancelPopup(LoginPage.java:38)\n\tat io.github.sskorol.testcases.common.CommonTests.shouldFailOnSubStep(CommonTests.java:72)\n\tat sun.reflect.NativeMethodAccessorImpl.invoke0(Native Method)\n\tat sun.reflect.NativeMethodAccessorImpl.invoke(NativeMethodAccessorImpl.java:62)\n\tat sun.reflect.DelegatingMethodAccessorImpl.invoke(DelegatingMethodAccessorImpl.java:43)\n\tat java.lang.reflect.Method.invoke(Method.java:498)\n\tat org.testng.internal.MethodInvocationHelper.invokeMethod(MethodInvocationHelper.java:104)\n\tat org.testng.internal.Invoker.invokeMethod(Invoker.java:645)\n\tat org.testng.internal.Invoker.invokeTestMethod(Invoker.java:851)\n\tat org.testng.internal.Invoker.invokeTestMethods(Invoker.java:1177)\n\tat org.testng.internal.TestMethodWorker.invokeTestMethods(TestMethodWorker.java:129)\n\tat org.testng.internal.TestMethodWorker.run(TestMethodWorker.java:112)\n\tat org.testng.TestRunner.privateRun(TestRunner.java:756)\n\tat org.testng.TestRunner.run(TestRunner.java:610)\n\tat org.testng.SuiteRunner.runTest(SuiteRunner.java:387)\n\tat org.testng.SuiteRunner.runSequentially(SuiteRunner.java:382)\n\tat org.testng.SuiteRunner.privateRun(SuiteRunner.java:340)\n\tat org.testng.SuiteRunner.run(SuiteRunner.java:289)\n\tat org.testng.SuiteRunnerWorker.runSuite(SuiteRunnerWorker.java:52)\n\tat org.testng.SuiteRunnerWorker.run(SuiteRunnerWorker.java:86)\n\tat org.testng.TestNG.runSuitesSequentially(TestNG.java:1293)\n\tat org.testng.TestNG.runSuitesSequentially(TestNG.java:1289)\n\tat org.testng.TestNG.runSuitesLocally(TestNG.java:1218)\n\tat org.testng.TestNG.runSuites(TestNG.java:1133)\n\tat org.testng.TestNG.run(TestNG.java:1104)\n\tat org.gradle.api.internal.tasks.testing.testng.TestNGTestClassProcessor.runTests(TestNGTestClassProcessor.java:129)\n\tat org.gradle.api.internal.tasks.testing.testng.TestNGTestClassProcessor.stop(TestNGTestClassProcessor.java:88)\n\tat org.gradle.api.internal.tasks.testing.SuiteTestClassProcessor.stop(SuiteTestClassProcessor.java:61)\n\tat sun.reflect.NativeMethodAccessorImpl.invoke0(Native Method)\n\tat sun.reflect.NativeMethodAccessorImpl.invoke(NativeMethodAccessorImpl.java:62)\n\tat sun.reflect.DelegatingMethodAccessorImpl.invoke(DelegatingMethodAccessorImpl.java:43)\n\tat java.lang.reflect.Method.invoke(Method.java:498)\n\tat org.gradle.internal.dispatch.ReflectionDispatch.dispatch(ReflectionDispatch.java:35)\n\tat org.gradle.internal.dispatch.ReflectionDispatch.dispatch(ReflectionDispatch.java:24)\n\tat org.gradle.internal.dispatch.ContextClassLoaderDispatch.dispatch(ContextClassLoaderDispatch.java:32)\n\tat org.gradle.internal.dispatch.ProxyDispatchAdapter$DispatchingInvocationHandler.invoke(ProxyDispatchAdapter.java:93)\n\tat com.sun.proxy.$Proxy2.stop(Unknown Source)\n\tat org.gradle.api.internal.tasks.testing.worker.TestWorker.stop(TestWorker.java:120)\n\tat sun.reflect.NativeMethodAccessorImpl.invoke0(Native Method)\n\tat sun.reflect.NativeMethodAccessorImpl.invoke(NativeMethodAccessorImpl.java:62)\n\tat sun.reflect.DelegatingMethodAccessorImpl.invoke(DelegatingMethodAccessorImpl.java:43)\n\tat java.lang.reflect.Method.invoke(Method.java:498)\n\tat org.gradle.internal.dispatch.ReflectionDispatch.dispatch(ReflectionDispatch.java:35)\n\tat org.gradle.internal.dispatch.ReflectionDispatch.dispatch(ReflectionDispatch.java:24)\n\tat org.gradle.internal.remote.internal.hub.MessageHubBackedObjectConnection$DispatchWrapper.dispatch(MessageHubBackedObjectConnection.java:147)\n\tat org.gradle.internal.remote.internal.hub.MessageHubBackedObjectConnection$DispatchWrapper.dispatch(MessageHubBackedObjectConnection.java:129)\n\tat org.gradle.internal.remote.internal.hub.MessageHub$Handler.run(MessageHub.java:404)\n\tat org.gradle.internal.concurrent.ExecutorPolicy$CatchAndRecordFailures.onExecute(ExecutorPolicy.java:63)\n\tat org.gradle.internal.concurrent.StoppableExecutorImpl$1.run(StoppableExecutorImpl.java:46)\n\tat java.util.concurrent.ThreadPoolExecutor.runWorker(ThreadPoolExecutor.java:1142)\n\tat java.util.concurrent.ThreadPoolExecutor$Worker.run(ThreadPoolExecutor.java:617)\n\tat java.lang.Thread.run(Thread.java:745)\n"},"stage":"finished","start":1495892654748,"stop":1495892654749}]}],"attachments":[{"name":"Test log","source":"0205911d-e6ce-41d8-b2af-81ef34508530-attachment","type":"text/plain"},{"name":"Failure screenshot","source":"f2ee9cf6-0a20-4ff6-96b0-11abe7055ffb-attachment","type":"image/png"}],"parameters":[]}