<?xml version="1.0" encoding="UTF-8" standalone="yes"?>
<ns2:test-suite xmlns:ns2="urn:model.allure.qatools.yandex.ru" start="1412949538852" stop="1412949559021" version="1.4.4-SNAPSHOT">
    <name>my.company.ScreenshotTest</name>
    <title>Search tests</title>
    <description type="markdown">
### H3
after this line we should collapse all of that

вавыа
#### H4
This testsuite has tests what *always are passing*

* first
* second
    1. subsecind
    1. subsubsecind
* third</description>
    <test-cases>
        <test-case start="1412949551164" stop="1412949558737" status="passed">
            <name>wildcardSearch</name>
            <title>Wildcard search test</title>
            <description type="markdown">### h3 *italic* **bold**
allure core ![https://img.shields.io/teamcity/http/teamcity.qatools.ru/s/allure_core_master_deploy.svg?style=flat](https://img.shields.io/teamcity/http/teamcity.qatools.ru/s/allure_core_master_deploy.svg?style=flat)
[repository](https://github.com/allure-framework/allure-core)

just http://yandex.ru

* first
* second
    1. subsecind
    1. subsubsecind
* third</description>
            <steps>
                <step start="1412949554710" stop="1412949555508" status="passed">
                    <name>openMainPage</name>
                    <attachments/>
                    <steps/>
                </step>
                <step start="1412949555508" stop="1412949557726" status="passed">
                    <name>search[qatools -yandex]</name>
                    <attachments/>
                    <steps/>
                </step>
            </steps>
            <attachments>
                <attachment title="Page Screenshot" source="42eff8b6-ac66-48b3-94db-64f64cb40d88-attachment.png" type="image/png" size="165031"/>
            </attachments>
            <labels>
                <label name="story" value="WebdriverScreenshot"/>
                <label name="host" value="my.cool.host.com"/>
                <label name="thread" value="pool-1-thread-11"/>
            </labels>
        </test-case>
        <test-case start="1412949551164" stop="1412949558826" status="passed">
            <name>usualSearch</name>
            <title>Usual search test</title>
            <steps>
                <step start="1412949554710" stop="1412949555504" status="passed">
                    <name>openMainPage</name>
                    <attachments/>
                    <steps/>
                </step>
                <step start="1412949555504" stop="1412949557724" status="passed">
                    <name>search[yandex qatools]</name>
                    <attachments/>
                    <steps/>
                </step>
            </steps>
            <attachments>
                <attachment title="Page Screenshot" source="2a61ec3c-1149-47cc-8640-615e51af26f5-attachment.png" type="image/png" size="229524"/>
            </attachments>
            <labels>
                <label name="story" value="WebdriverScreenshot"/>
                <label name="host" value="my.cool.host.com"/>
                <label name="thread" value="pool-1-thread-18"/>
            </labels>
        </test-case>
        <test-case start="1412949551164" stop="1412949556298" status="failed">
            <name>pageLoadingTest</name>
            <title>Page loading test</title>
            <failure>
                <message>AssertionError: Text on current page should be correct
Expected: element text is "Yandex"
     but: &lt;[[PhantomJSDriver: phantomjs on MAC (9e679b20-5085-11e4-ad6d-87edf8da84a7)] -&gt; css selector: title]&gt; text is ""</message>
                <stack-trace>java.lang.AssertionError: Text on current page should be correct
Expected: element text is "Yandex"
     but: &lt;[[PhantomJSDriver: phantomjs on MAC (9e679b20-5085-11e4-ad6d-87edf8da84a7)] -&gt; css selector: title]&gt; text is ""
	at org.hamcrest.MatcherAssert.assertThat(MatcherAssert.java:20)
	at org.junit.Assert.assertThat(Assert.java:865)
	at my.company.steps.WebDriverSteps.checkText(WebDriverSteps.java:47)
	at my.company.ScreenshotTest.pageLoadingTest(ScreenshotTest.java:40)
	at sun.reflect.NativeMethodAccessorImpl.invoke0(Native Method)
	at sun.reflect.NativeMethodAccessorImpl.invoke(NativeMethodAccessorImpl.java:57)
	at sun.reflect.DelegatingMethodAccessorImpl.invoke(DelegatingMethodAccessorImpl.java:43)
	at java.lang.reflect.Method.invoke(Method.java:601)
	at org.junit.runners.model.FrameworkMethod$1.runReflectiveCall(FrameworkMethod.java:47)
	at org.junit.internal.runners.model.ReflectiveCallable.run(ReflectiveCallable.java:12)
	at org.junit.runners.model.FrameworkMethod.invokeExplosively(FrameworkMethod.java:44)
	at org.junit.internal.runners.statements.InvokeMethod.evaluate(InvokeMethod.java:17)
	at org.junit.internal.runners.statements.RunBefores.evaluate(RunBefores.java:26)
	at org.junit.internal.runners.statements.RunAfters.evaluate(RunAfters.java:27)
	at org.junit.runners.ParentRunner.runLeaf(ParentRunner.java:271)
	at org.junit.runners.BlockJUnit4ClassRunner.runChild(BlockJUnit4ClassRunner.java:70)
	at org.junit.runners.BlockJUnit4ClassRunner.runChild(BlockJUnit4ClassRunner.java:50)
	at org.junit.runners.ParentRunner$3.run(ParentRunner.java:238)
	at java.util.concurrent.Executors$RunnableAdapter.call(Executors.java:471)
	at java.util.concurrent.FutureTask$Sync.innerRun(FutureTask.java:334)
	at java.util.concurrent.FutureTask.run(FutureTask.java:166)
	at java.util.concurrent.ThreadPoolExecutor.runWorker(ThreadPoolExecutor.java:1145)
	at java.util.concurrent.ThreadPoolExecutor$Worker.run(ThreadPoolExecutor.java:615)
	at java.lang.Thread.run(Thread.java:722)
</stack-trace>
            </failure>
            <steps>
                <step start="1412949554710" stop="1412949555508" status="passed">
                    <name>openMainPage</name>
                </step>
                <step start="1412949555663" stop="1412949555679" status="passed">
                    <name>findElement[title]</name>
                </step>
                <step start="1412949555680" stop="1412949555733" status="failed">
                    <name>checkText[[[PhantomJSDriver: phantomjs on MAC (9e679b20-5085-11e4-ad6d-87edf8da84a7)] -&gt; css selector: title], Yandex]</name>
                    <title>Check text in element</title>
                </step>
            </steps>
            <attachments>
                <attachment title="Server Log" source="234a7a37-5559-4294-8da6-84b193cee507-attachment.txt" type="text/plain" size="18"/>
                <attachment title="Response" source="650cb877-49cc-446d-964f-f6aa1e5d9634-attachment.json" type="application/json" size="51"/>
                <attachment title="Page Screenshot" source="10790969-f137-4a63-84e0-f900cb0dd79c-attachment.png" type="image/png" size="16100"/>
                <attachment title="URI Attachment" source="00a0bc5a-6372-4e66-8088-1571966a056b-attachment.uri" type="text/uri-list"/>
            </attachments>
            <labels>
                <label name="story" value="WebdriverScreenshot"/>
                <label name="host" value="my.cool.host.com"/>
                <label name="thread" value="pool-1-thread-22"/>
            </labels>
            <parameters>
                <parameter name="BROWSER" value="Phantom JS" kind="environment-variable"/>
                <parameter name="PROD_HOST" value="http://ya.ru" kind="environment-variable"/>
                <parameter name="TEST_HOST" value="http://test.ya.ru" kind="environment-variable"/>
            </parameters>
        </test-case>
        <test-case start="1412949551164" stop="1412949558344" status="passed">
            <name>emptyTextSearch</name>
            <title>Empty text search</title>
            <steps>
                <step start="1412949554710" stop="1412949555515" status="passed">
                    <name>openMainPage</name>
                    <attachments/>
                    <steps/>
                </step>
                <step start="1412949555516" stop="1412949557638" status="passed">
                    <name>search[]</name>
                    <attachments/>
                    <steps/>
                </step>
            </steps>
            <attachments>
                <attachment title="Page Screenshot" source="dc160fcc-5f8e-4682-b186-93a65cbd24da-attachment.png" type="image/png" size="23709"/>
            </attachments>
            <labels>
                <label name="severity" value="trivial"/>
                <label name="story" value="WebdriverScreenshot"/>
                <label name="host" value="my.cool.host.com"/>
                <label name="thread" value="pool-1-thread-14"/>
            </labels>
        </test-case>
    </test-cases>
    <labels>
        <label name="feature" value="Screenshot"/>
        <label name="framework" value="JUnit"/>
        <label name="language" value="JAVA"/>
    </labels>
</ns2:test-suite>
